[debug] [2024-06-22T10:53:06.381Z] ----------------------------------------------------------------------
[debug] [2024-06-22T10:53:06.385Z] Command:       C:\Program Files\nodejs\node.exe C:\Users\skshi\AppData\Roaming\npm\node_modules\firebase-tools\lib\bin\firebase.js init
[debug] [2024-06-22T10:53:06.386Z] CLI Version:   13.8.3
[debug] [2024-06-22T10:53:06.387Z] Platform:      win32
[debug] [2024-06-22T10:53:06.387Z] Node Version:  v18.14.2
[debug] [2024-06-22T10:53:06.389Z] Time:          Sat Jun 22 2024 16:53:06 GMT+0600 (Bangladesh Standard Time)
[debug] [2024-06-22T10:53:06.390Z] ----------------------------------------------------------------------
[debug] 
[debug] [2024-06-22T10:53:06.397Z] >>> [apiv2][query] GET https://firebase-public.firebaseio.com/cli.json [none]
[debug] [2024-06-22T10:53:06.479Z] > command requires scopes: ["email","openid","https://www.googleapis.com/auth/cloudplatformprojects.readonly","https://www.googleapis.com/auth/firebase","https://www.googleapis.com/auth/cloud-platform"]
[debug] [2024-06-22T10:53:06.480Z] > authorizing via signed-in user (skshihab170@gmail.com)
[info] 
     ######## #### ########  ######## ########     ###     ######  ########
     ##        ##  ##     ## ##       ##     ##  ##   ##  ##       ##
     ######    ##  ########  ######   ########  #########  ######  ######
     ##        ##  ##    ##  ##       ##     ## ##     ##       ## ##
     ##       #### ##     ## ######## ########  ##     ##  ######  ########

You're about to initialize a Firebase project in this directory:

  C:\programming hero batch-9\milestone-12\assignment-12\server side

Before we get started, keep in mind:

  * You are currently outside your home directory

[debug] [2024-06-22T10:53:07.259Z] <<< [apiv2][status] GET https://firebase-public.firebaseio.com/cli.json 200
[debug] [2024-06-22T10:53:07.260Z] <<< [apiv2][body] GET https://firebase-public.firebaseio.com/cli.json {"cloudBuildErrorAfter":1594252800000,"cloudBuildWarnAfter":1590019200000,"defaultNode10After":1594252800000,"minVersion":"3.0.5","node8DeploysDisabledAfter":1613390400000,"node8RuntimeDisabledAfter":1615809600000,"node8WarnAfter":1600128000000}
[info] 
=== Project Setup
[info] 
[info] First, let's associate this project directory with a Firebase project.
[info] You can create multiple project aliases by running firebase use --add, 
[info] but for now we'll just set up a default project.
[info] 
[debug] [2024-06-22T10:54:11.024Z] > refreshing access token with scopes: []
[debug] [2024-06-22T10:54:11.025Z] >>> [apiv2][query] POST https://www.googleapis.com/oauth2/v3/token [none]
[debug] [2024-06-22T10:54:11.026Z] >>> [apiv2][body] POST https://www.googleapis.com/oauth2/v3/token [omitted]
[debug] [2024-06-22T10:54:11.300Z] <<< [apiv2][status] POST https://www.googleapis.com/oauth2/v3/token 200
[debug] [2024-06-22T10:54:11.300Z] <<< [apiv2][body] POST https://www.googleapis.com/oauth2/v3/token [omitted]
[debug] [2024-06-22T10:54:11.313Z] >>> [apiv2][query] GET https://firebase.googleapis.com/v1beta1/projects pageSize=100
[debug] [2024-06-22T10:54:12.355Z] <<< [apiv2][status] GET https://firebase.googleapis.com/v1beta1/projects 200
[debug] [2024-06-22T10:54:12.355Z] <<< [apiv2][body] GET https://firebase.googleapis.com/v1beta1/projects [omitted]
[info] i  Using project pico-earning (Pico Earning) 
[info] 
=== Hosting Setup
[debug] [2024-06-22T10:54:51.757Z] >>> [apiv2][query] GET https://firebase.googleapis.com/v1beta1/projects/pico-earning [none]
[debug] [2024-06-22T10:54:52.335Z] <<< [apiv2][status] GET https://firebase.googleapis.com/v1beta1/projects/pico-earning 200
[debug] [2024-06-22T10:54:52.336Z] <<< [apiv2][body] GET https://firebase.googleapis.com/v1beta1/projects/pico-earning {"projectId":"pico-earning","projectNumber":"415971996511","displayName":"Pico Earning","name":"projects/pico-earning","resources":{"hostingSite":"pico-earning"},"state":"ACTIVE","etag":"1_26f8e6b7-c636-4427-8566-e3822173810b"}
[info] 
[info] Your public directory is the folder (relative to your project directory) that
[info] will contain Hosting assets to be uploaded with firebase deploy. If you
[info] have a build process for your assets, use your build's output directory.
[info] 
